[dotenv@17.2.3] injecting env (2) from .env -- tip: ≡ƒöÉ prevent committing .env to code: https://dotenvx.com/precommit
node : Γ¥î Error 
connecting to 
MongoDB: querySrv 
ENOTFOUND _mongodb._t
cp.veltech-mentoring-
portal.h2zkuhq.mongod
b.net
At line:1 char:1
+ node server.js 
2>&1 | Out-File 
-Encoding utf8 
error.log
+ ~~~~~~~~~~~~~~~~~~~
    + CategoryInfo   
           : NotSpe  
  cified: (Γ¥î Err   
 or conne...uhq.m    
ongodb.net:Strin    
g) [], RemoteExc    
eption
    + FullyQualified 
   ErrorId : Native  
  CommandError
 
